<?xml version="1.0" encoding="UTF-8"?>
<testsuite xmlns:xsi="http://www.w3.org/2001/XMLSchema-instance" xsi:noNamespaceSchemaLocation="https://maven.apache.org/surefire/maven-surefire-plugin/xsd/surefire-test-report.xsd" name="com.senla.bookstore.service.OrderServiceTest" time="0.002" tests="9" errors="0" skipped="0" failures="0">
  <properties>
[...]
</properties>
  <testcase name="getSortedOrders" classname="com.senla.bookstore.service.OrderServiceTest" time="0"/>
  <testcase name="getFullPrice" classname="com.senla.bookstore.service.OrderServiceTest" time="0"/>
  <testcase name="addOrder" classname="com.senla.bookstore.service.OrderServiceTest" time="0"/>
  <testcase name="testAddOrder" classname="com.senla.bookstore.service.OrderServiceTest" time="0"/>
  <testcase name="removeOrder" classname="com.senla.bookstore.service.OrderServiceTest" time="0"/>
  <testcase name="getCompletedOrders" classname="com.senla.bookstore.service.OrderServiceTest" time="0"/>
  <testcase name="checkBook" classname="com.senla.bookstore.service.OrderServiceTest" time="0"/>
  <testcase name="setStatus" classname="com.senla.bookstore.service.OrderServiceTest" time="0"/>
  <testcase name="getQuantityCompletedOrders" classname="com.senla.bookstore.service.OrderServiceTest" time="0"/>
</testsuite>